<?xml version="1.0" encoding="UTF-8"?>
<testng-results ignored="0" total="2" passed="2" failed="0" skipped="0">
  <reporter-output>
  </reporter-output>
  <suite started-at="2022-11-29T17:57:16 EST" name="Default suite" finished-at="2022-11-29T17:57:38 EST" duration-ms="21717">
    <groups>
    </groups>
    <test started-at="2022-11-29T17:57:16 EST" name="Default test" finished-at="2022-11-29T17:57:38 EST" duration-ms="21717">
      <class name="com.base.Setup_StartStopDockerGrid">
        <test-method signature="start_DockerGrid()[pri:1, instance:com.base.Setup_StartStopDockerGrid@3fb1549b]" started-at="2022-11-29T17:57:16 EST" name="start_DockerGrid" finished-at="2022-11-29T17:57:31 EST" duration-ms="15040" status="PASS">
          <reporter-output>
          </reporter-output>
        </test-method> <!-- start_DockerGrid -->
        <test-method signature="getDriver()[pri:2, instance:com.base.Setup_StartStopDockerGrid@3fb1549b]" started-at="2022-11-29T17:57:31 EST" name="getDriver" finished-at="2022-11-29T17:57:38 EST" duration-ms="6627" status="PASS">
          <reporter-output>
          </reporter-output>
        </test-method> <!-- getDriver -->
      </class> <!-- com.base.Setup_StartStopDockerGrid -->
    </test> <!-- Default test -->
  </suite> <!-- Default suite -->
</testng-results>
